

# DNS_System

互联网应用大作业-DNS解析系统

| 根服务器 | ip            | 服务器登录用户 | 服务器登录用户密码 | 服务器root用户密码 |
| :------- | ------------- | -------------- | ------------------ | ------------------ |
| root     | 34.96.184.216 | cxnedo         | ZJLzjl2002.        | ZJLzjl2002.        |

| 顶级服务器 | ip             | 登录用户 | 登录用户密码  | root密码      |
| :--------- | -------------- | -------- | ------------- | ------------- |
| cn         | 35.241.75.140  | cxnedo   | ZJLzjl2002.   | ZJLzjl2002.   |
| com        | 104.208.117.37 | cxnedo   | ZJLzjl145747. | ZJLzjl145747. |
| us         | 35.220.181.128 | cxnedo   | ZJLzjl2002.   | ZJLzjl2002.   |
| org        | 20.24.143.210  | cxnedo   | ZJLzjl145747. | ZJLzjl145747. |


| 二级域服务器 | ip              | 登录用户 | 登录用户密码  | root密码      |
| :----------- | --------------- | -------- | ------------- | ------------- |
| edu.cn       | 34.92.65.67     | cxnedo   | ZJLzjl2002.   | ZJLzjl2002.   |
| gov.us       | 178.128.51.233  | root     | ZJLzjl2002ZJL | ZJLzjl2002ZJL |
| google.com   | 167.99.71.10    | root     | ZJLzjl2002ZJL | ZJLzjl2002ZJL |
| itef.org     | 157.245.195.182 | root     | ZJLzjl2002ZJL | ZJLzjl2002ZJL |


| 三级域服务器     | ip              | 登录用户 | 登录用户密码  | root密码      |
| :--------------- | --------------- | -------- | ------------- | ------------- |
| bupt.edu.cn      | 20.239.198.206  | cxnedo   | ZJLzjl145747. | ZJLzjl145747. |
| military.gov.us  | 178.128.220.237 | root     | ZJLzjl2002ZJL | ZJLzjl2002ZJL |
| earth.google.com | 146.190.110.178 | root     | ZJLzjl2002ZJL | ZJLzjl2002ZJL |
| study.itef.org   | 167.99.71.124   | root     | ZJLzjl2002ZJL | ZJLzjl2002ZJL |

| Local服务器 | ip   | 登录用户 | 登录用户密码 | root密码 |
| :---------- | ---- | -------- | ------------ | -------- |
| Local DNS | 68.183.178.54 | root | ZJLzjl2002ZJL | ZJLzjl2002ZJL |
